<?xml version="1.0"?><coverage lines-covered="116" lines-valid="123" line-rate="0.943089430894309" branches-covered="0" branches-valid="0" branch-rate="0" complexity="0" version="1.9" timestamp="1767058975"><sources><source>/mnt/d/Data/Star Citizen/Tools/Manager/services/core-domain</source></sources><packages><package name="src/repositories" line-rate="0" branch-rate="0" complexity="0"><classes></classes></package><package name="src/events" line-rate="0.9375" branch-rate="0" complexity="0"><classes><class name="signing" filename="src/events/signing.rs" line-rate="0.9375" branch-rate="0" complexity="0"><methods/><lines><line number="33" hits="6"/><line number="35" hits="11"/><line number="36" hits="6"/><line number="37" hits="5"/><line number="38" hits="6"/><line number="39" hits="8"/><line number="42" hits="8"/><line number="43" hits="8"/><line number="46" hits="6"/><line number="47" hits="6"/><line number="48" hits="6"/><line number="49" hits="6"/><line number="51" hits="8"/><line number="52" hits="8"/><line number="53" hits="8"/><line number="54" hits="16"/><line number="55" hits="8"/><line number="56" hits="8"/><line number="60" hits="6"/><line number="62" hits="6"/><line number="63" hits="6"/><line number="68" hits="6"/><line number="69" hits="6"/><line number="73" hits="6"/><line number="74" hits="6"/><line number="75" hits="12"/><line number="76" hits="13"/><line number="77" hits="6"/><line number="78" hits="5"/><line number="79" hits="6"/><line number="80" hits="6"/><line number="85" hits="5"/><line number="86" hits="5"/><line number="87" hits="5"/><line number="88" hits="0"/><line number="90" hits="10"/><line number="91" hits="4"/><line number="92" hits="1"/><line number="94" hits="4"/><line number="95" hits="6"/><line number="96" hits="0"/><line number="98" hits="6"/><line number="99" hits="5"/><line number="100" hits="1"/><line number="102" hits="5"/><line number="103" hits="5"/><line number="104" hits="0"/><line number="106" hits="11"/></lines></class></classes></package><package name="tests" line-rate="0" branch-rate="0" complexity="0"><classes></classes></package><package name="src/value_objects" line-rate="0" branch-rate="0" complexity="0"><classes><class name="handle" filename="src/value_objects/handle.rs" line-rate="0" branch-rate="0" complexity="0"><methods/><lines><line number="5" hits="0"/><line number="7" hits="0"/></lines></class><class name="id" filename="src/value_objects/id.rs" line-rate="0" branch-rate="0" complexity="0"><methods/><lines><line number="5" hits="0"/><line number="6" hits="0"/></lines></class></classes></package><package name="src" line-rate="0.943089430894309" branch-rate="0" complexity="0"><classes></classes></package><package name="src/domain" line-rate="1" branch-rate="0" complexity="0"><classes><class name="division" filename="src/domain/division.rs" line-rate="1" branch-rate="0" complexity="0"><methods/><lines><line number="11" hits="3"/><line number="12" hits="6"/></lines></class><class name="fleet" filename="src/domain/fleet.rs" line-rate="1" branch-rate="0" complexity="0"><methods/><lines><line number="12" hits="3"/><line number="14" hits="3"/><line number="15" hits="3"/><line number="16" hits="3"/><line number="20" hits="3"/><line number="21" hits="10"/><line number="22" hits="6"/><line number="26" hits="2"/><line number="27" hits="6"/><line number="30" hits="1"/><line number="31" hits="1"/></lines></class><class name="member" filename="src/domain/member.rs" line-rate="1" branch-rate="0" complexity="0"><methods/><lines><line number="11" hits="5"/><line number="13" hits="5"/><line number="31" hits="6"/><line number="33" hits="6"/><line number="39" hits="6"/><line number="43" hits="5"/><line number="44" hits="5"/><line number="45" hits="15"/><line number="47" hits="5"/><line number="48" hits="11"/><line number="50" hits="10"/><line number="54" hits="3"/><line number="55" hits="3"/><line number="56" hits="9"/><line number="59" hits="4"/><line number="60" hits="8"/><line number="63" hits="2"/><line number="64" hits="4"/></lines></class><class name="organization" filename="src/domain/organization.rs" line-rate="1" branch-rate="0" complexity="0"><methods/><lines><line number="12" hits="5"/><line number="14" hits="5"/><line number="15" hits="5"/><line number="16" hits="5"/><line number="20" hits="2"/><line number="21" hits="4"/><line number="24" hits="3"/><line number="25" hits="10"/><line number="26" hits="6"/><line number="30" hits="1"/><line number="31" hits="1"/><line number="34" hits="1"/><line number="35" hits="3"/></lines></class><class name="permission" filename="src/domain/permission.rs" line-rate="1" branch-rate="0" complexity="0"><methods/><lines><line number="10" hits="1"/><line number="12" hits="1"/><line number="13" hits="1"/></lines></class><class name="role" filename="src/domain/role.rs" line-rate="1" branch-rate="0" complexity="0"><methods/><lines><line number="11" hits="6"/><line number="13" hits="6"/><line number="14" hits="6"/><line number="15" hits="6"/><line number="19" hits="5"/><line number="20" hits="5"/><line number="21" hits="18"/><line number="22" hits="10"/><line number="26" hits="3"/><line number="27" hits="9"/><line number="30" hits="3"/><line number="31" hits="3"/></lines></class><class name="session" filename="src/domain/session.rs" line-rate="1" branch-rate="0" complexity="0"><methods/><lines><line number="14" hits="1"/><line number="21" hits="1"/><line number="24" hits="1"/><line number="30" hits="1"/><line number="31" hits="1"/><line number="34" hits="1"/><line number="35" hits="1"/><line number="38" hits="1"/><line number="39" hits="1"/></lines></class><class name="ship" filename="src/domain/ship.rs" line-rate="1" branch-rate="0" complexity="0"><methods/><lines><line number="11" hits="3"/><line number="13" hits="3"/><line number="14" hits="3"/></lines></class></classes></package></packages></coverage>