<?xml version="1.0"?><coverage lines-covered="170" lines-valid="343" line-rate="0.4956268221574344" branches-covered="0" branches-valid="0" branch-rate="0" complexity="0" version="1.9" timestamp="1767055481"><sources><source>/mnt/d/Data/Star Citizen/Tools/Manager/adapters</source></sources><packages><package name="adapter-erkul/target/debug/build/serde-170d25af167437ff/out" line-rate="0" branch-rate="0" complexity="0"><classes></classes></package><package name="adapter-comm-link/target/debug/build/serde-170d25af167437ff/out" line-rate="0" branch-rate="0" complexity="0"><classes></classes></package><package name="adapter-discord/src/bin" line-rate="0" branch-rate="0" complexity="0"><classes></classes></package><package name="adapter-fleetyards/target/debug/build/serde_core-ef6219b5dcd0a7e7/out" line-rate="0" branch-rate="0" complexity="0"><classes></classes></package><package name="adapter-gamelog/target/debug/build/serde-170d25af167437ff/out" line-rate="0" branch-rate="0" complexity="0"><classes></classes></package><package name="adapter-gamelog/target/debug/build/serde_core-eb5b876ea58b9ad6/out" line-rate="0" branch-rate="0" complexity="0"><classes></classes></package><package name="adapter-llm/target/debug/build/serde-170d25af167437ff/out" line-rate="0" branch-rate="0" complexity="0"><classes></classes></package><package name="adapter-llm/target/debug/build/serde_core-eb5b876ea58b9ad6/out" line-rate="0" branch-rate="0" complexity="0"><classes></classes></package><package name="adapter-comm-link/src" line-rate="0" branch-rate="0" complexity="0"><classes></classes></package><package name="adapter-gamelog/src" line-rate="0" branch-rate="0" complexity="0"><classes><class name="parser" filename="adapter-gamelog/src/parser.rs" line-rate="0" branch-rate="0" complexity="0"><methods/><lines><line number="58" hits="0"/><line number="59" hits="0"/><line number="60" hits="0"/><line number="61" hits="0"/><line number="62" hits="0"/><line number="65" hits="0"/></lines></class></classes></package><package name="adapter-p2p/tests" line-rate="0" branch-rate="0" complexity="0"><classes></classes></package><package name="src/fleetyards" line-rate="0.8461538461538461" branch-rate="0" complexity="0"><classes><class name="mod" filename="src/fleetyards/mod.rs" line-rate="0.8461538461538461" branch-rate="0" complexity="0"><methods/><lines><line number="22" hits="1"/><line number="24" hits="1"/><line number="29" hits="1"/><line number="30" hits="1"/><line number="31" hits="1"/><line number="34" hits="1"/><line number="35" hits="2"/><line number="40" hits="0"/><line number="41" hits="0"/><line number="46" hits="1"/><line number="47" hits="1"/><line number="48" hits="1"/><line number="50" hits="1"/></lines></class></classes></package><package name="p2p/target/debug/build/serde_core-eb5b876ea58b9ad6/out" line-rate="0" branch-rate="0" complexity="0"><classes></classes></package><package name="adapter-discord/target/debug/build/serde-170d25af167437ff/out" line-rate="0" branch-rate="0" complexity="0"><classes></classes></package><package name="p2p/target/debug/build/serde-170d25af167437ff/out" line-rate="0" branch-rate="0" complexity="0"><classes></classes></package><package name="adapter-llm/src" line-rate="0" branch-rate="0" complexity="0"><classes></classes></package><package name="adapter-p2p/target/debug/build/typenum-86e20b4fbdcf0a63/out" line-rate="0" branch-rate="0" complexity="0"><classes></classes></package><package name="src/rsi" line-rate="0.7391304347826086" branch-rate="0" complexity="0"><classes><class name="mod" filename="src/rsi/mod.rs" line-rate="0.7391304347826086" branch-rate="0" complexity="0"><methods/><lines><line number="22" hits="1"/><line number="24" hits="3"/><line number="26" hits="1"/><line number="30" hits="1"/><line number="31" hits="1"/><line number="32" hits="1"/><line number="37" hits="1"/><line number="38" hits="1"/><line number="39" hits="1"/><line number="41" hits="1"/><line number="54" hits="2"/><line number="59" hits="2"/><line number="60" hits="0"/><line number="61" hits="0"/><line number="62" hits="0"/><line number="63" hits="0"/><line number="65" hits="6"/><line number="66" hits="2"/><line number="69" hits="6"/><line number="70" hits="4"/><line number="71" hits="2"/><line number="74" hits="0"/><line number="75" hits="0"/></lines></class></classes></package><package name="adapter-llm/target/debug/build/protobuf-ba87c3252d32872d/out" line-rate="0" branch-rate="0" complexity="0"><classes></classes></package><package name="adapter-uex/target/debug/build/serde_core-eb5b876ea58b9ad6/out" line-rate="0" branch-rate="0" complexity="0"><classes></classes></package><package name="adapter-discord/tests" line-rate="0" branch-rate="0" complexity="0"><classes></classes></package><package name="src/tests" line-rate="0" branch-rate="0" complexity="0"><classes></classes></package><package name="p2p/src" line-rate="0" branch-rate="0" complexity="0"><classes><class name="lib" filename="p2p/src/lib.rs" line-rate="0" branch-rate="0" complexity="0"><methods/><lines><line number="88" hits="0"/><line number="91" hits="0"/><line number="92" hits="0"/><line number="94" hits="0"/><line number="95" hits="0"/><line number="96" hits="0"/><line number="98" hits="0"/><line number="99" hits="0"/><line number="100" hits="0"/><line number="102" hits="0"/><line number="103" hits="0"/><line number="104" hits="0"/><line number="107" hits="0"/><line number="108" hits="0"/><line number="109" hits="0"/><line number="112" hits="0"/></lines></class></classes></package><package name="adapter-p2p/src" line-rate="0" branch-rate="0" complexity="0"><classes><class name="lib" filename="adapter-p2p/src/lib.rs" line-rate="0" branch-rate="0" complexity="0"><methods/><lines><line number="49" hits="0"/><line number="51" hits="0"/><line number="52" hits="0"/><line number="54" hits="0"/><line number="55" hits="0"/><line number="56" hits="0"/><line number="58" hits="0"/><line number="59" hits="0"/><line number="60" hits="0"/><line number="62" hits="0"/><line number="63" hits="0"/><line number="64" hits="0"/><line number="66" hits="0"/><line number="67" hits="0"/><line number="68" hits="0"/><line number="70" hits="0"/><line number="71" hits="0"/><line number="72" hits="0"/><line number="74" hits="0"/><line number="75" hits="0"/><line number="76" hits="0"/><line number="78" hits="0"/></lines></class></classes></package><package name="adapter-gamelog/src/bin" line-rate="0" branch-rate="0" complexity="0"><classes></classes></package><package name="adapter-uex/target/debug/build/serde-170d25af167437ff/out" line-rate="0" branch-rate="0" complexity="0"><classes></classes></package><package name="adapter-fleetyards/src/bin" line-rate="0" branch-rate="0" complexity="0"><classes></classes></package><package name="adapter-discord/target/debug/build/serde_core-eb5b876ea58b9ad6/out" line-rate="0" branch-rate="0" complexity="0"><classes></classes></package><package name="adapter-comm-link/target/debug/build/serde_core-eb5b876ea58b9ad6/out" line-rate="0" branch-rate="0" complexity="0"><classes></classes></package><package name="adapter-erkul/src" line-rate="0" branch-rate="0" complexity="0"><classes><class name="lib" filename="adapter-erkul/src/lib.rs" line-rate="0" branch-rate="0" complexity="0"><methods/><lines><line number="40" hits="0"/><line number="41" hits="0"/><line number="42" hits="0"/><line number="43" hits="0"/><line number="44" hits="0"/><line number="45" hits="0"/><line number="48" hits="0"/></lines></class></classes></package><package name="adapter-fleetyards/target/debug/build/serde-170d25af167437ff/out" line-rate="0" branch-rate="0" complexity="0"><classes></classes></package><package name="adapter-discord/target/debug/build/typenum-86e20b4fbdcf0a63/out" line-rate="0" branch-rate="0" complexity="0"><classes></classes></package><package name="adapter-gamelog/tests" line-rate="0" branch-rate="0" complexity="0"><classes></classes></package><package name="src" line-rate="0.6513409961685823" branch-rate="0" complexity="0"><classes><class name="adapter_api" filename="src/adapter_api.rs" line-rate="0.5434782608695652" branch-rate="0" complexity="0"><methods/><lines><line number="58" hits="15"/><line number="59" hits="0"/><line number="76" hits="2"/><line number="78" hits="2"/><line number="79" hits="2"/><line number="84" hits="0"/><line number="89" hits="1"/><line number="90" hits="4"/><line number="91" hits="16"/><line number="95" hits="0"/><line number="208" hits="2"/><line number="210" hits="2"/><line number="211" hits="2"/><line number="212" hits="1"/><line number="216" hits="1"/><line number="217" hits="2"/><line number="218" hits="2"/><line number="219" hits="2"/><line number="220" hits="2"/><line number="223" hits="2"/><line number="224" hits="2"/><line number="228" hits="4"/><line number="229" hits="2"/><line number="230" hits="2"/><line number="231" hits="3"/><line number="232" hits="1"/><line number="233" hits="1"/><line number="234" hits="2"/><line number="235" hits="1"/><line number="236" hits="2"/><line number="237" hits="4"/><line number="238" hits="0"/><line number="241" hits="0"/><line number="244" hits="1"/><line number="246" hits="0"/><line number="249" hits="0"/><line number="254" hits="8"/><line number="255" hits="5"/><line number="256" hits="3"/><line number="257" hits="5"/><line number="261" hits="2"/><line number="263" hits="0"/><line number="264" hits="0"/><line number="265" hits="0"/><line number="268" hits="0"/><line number="269" hits="0"/><line number="272" hits="0"/><line number="273" hits="0"/><line number="276" hits="0"/><line number="277" hits="0"/><line number="281" hits="0"/><line number="282" hits="0"/><line number="283" hits="0"/><line number="284" hits="0"/><line number="285" hits="0"/><line number="287" hits="0"/><line number="289" hits="0"/><line number="290" hits="0"/><line number="291" hits="0"/><line number="294" hits="1"/><line number="297" hits="2"/><line number="298" hits="4"/><line number="299" hits="4"/><line number="300" hits="2"/><line number="304" hits="8"/><line number="305" hits="2"/><line number="306" hits="2"/><line number="307" hits="4"/><line number="308" hits="4"/><line number="310" hits="4"/><line number="311" hits="4"/><line number="312" hits="4"/><line number="313" hits="2"/><line number="315" hits="5"/><line number="317" hits="2"/><line number="321" hits="0"/><line number="322" hits="0"/><line number="323" hits="0"/><line number="324" hits="0"/><line number="325" hits="0"/><line number="326" hits="0"/><line number="327" hits="0"/><line number="329" hits="0"/><line number="330" hits="0"/><line number="331" hits="0"/><line number="333" hits="0"/><line number="334" hits="0"/><line number="335" hits="0"/><line number="336" hits="0"/><line number="337" hits="0"/><line number="339" hits="0"/><line number="341" hits="0"/><line number="343" hits="0"/><line number="348" hits="0"/><line number="356" hits="4"/><line number="357" hits="4"/><line number="360" hits="8"/><line number="361" hits="2"/><line number="362" hits="8"/><line number="363" hits="6"/><line number="364" hits="2"/><line number="365" hits="0"/><line number="368" hits="2"/><line number="373" hits="0"/><line number="374" hits="0"/><line number="380" hits="0"/><line number="382" hits="0"/><line number="385" hits="4"/><line number="386" hits="3"/><line number="387" hits="2"/><line number="390" hits="2"/><line number="393" hits="2"/><line number="395" hits="4"/><line number="396" hits="4"/><line number="397" hits="4"/><line number="398" hits="1"/><line number="399" hits="3"/><line number="400" hits="2"/><line number="401" hits="0"/><line number="402" hits="0"/><line number="404" hits="3"/><line number="405" hits="3"/><line number="406" hits="2"/><line number="407" hits="4"/><line number="408" hits="9"/><line number="409" hits="0"/><line number="410" hits="4"/><line number="411" hits="0"/><line number="414" hits="0"/><line number="415" hits="0"/><line number="421" hits="0"/><line number="422" hits="0"/><line number="423" hits="0"/><line number="425" hits="0"/><line number="426" hits="0"/><line number="427" hits="0"/><line number="430" hits="0"/><line number="431" hits="0"/></lines></class><class name="discord" filename="src/discord.rs" line-rate="0.46153846153846156" branch-rate="0" complexity="0"><methods/><lines><line number="12" hits="2"/><line number="17" hits="2"/><line number="18" hits="0"/><line number="19" hits="0"/><line number="20" hits="0"/><line number="21" hits="0"/><line number="23" hits="6"/><line number="24" hits="2"/><line number="27" hits="7"/><line number="29" hits="2"/><line number="32" hits="0"/><line number="33" hits="0"/><line number="37" hits="0"/></lines></class><class name="registry" filename="src/registry.rs" line-rate="0" branch-rate="0" complexity="0"><methods/><lines><line number="44" hits="0"/><line number="45" hits="0"/><line number="46" hits="0"/><line number="47" hits="0"/><line number="50" hits="0"/></lines></class></classes></package><package name="src/erkul" line-rate="0.9354838709677419" branch-rate="0" complexity="0"><classes><class name="mod" filename="src/erkul/mod.rs" line-rate="0.9354838709677419" branch-rate="0" complexity="0"><methods/><lines><line number="26" hits="5"/><line number="28" hits="5"/><line number="29" hits="5"/><line number="34" hits="1"/><line number="35" hits="1"/><line number="36" hits="1"/><line number="39" hits="2"/><line number="40" hits="4"/><line number="43" hits="1"/><line number="44" hits="2"/><line number="49" hits="0"/><line number="50" hits="0"/><line number="55" hits="1"/><line number="60" hits="1"/><line number="61" hits="1"/><line number="63" hits="3"/><line number="64" hits="2"/><line number="66" hits="1"/><line number="67" hits="1"/><line number="68" hits="1"/><line number="69" hits="4"/><line number="70" hits="1"/><line number="72" hits="1"/><line number="73" hits="1"/><line number="74" hits="1"/><line number="80" hits="3"/><line number="82" hits="1"/><line number="83" hits="1"/><line number="84" hits="1"/><line number="85" hits="3"/><line number="87" hits="1"/></lines></class></classes></package><package name="p2p/target/debug/build/typenum-86e20b4fbdcf0a63/out" line-rate="0" branch-rate="0" complexity="0"><classes></classes></package><package name="adapter-p2p/target/debug/build/serde_core-eb5b876ea58b9ad6/out" line-rate="0" branch-rate="0" complexity="0"><classes></classes></package><package name="adapter-uex/src" line-rate="0" branch-rate="0" complexity="0"><classes><class name="lib" filename="adapter-uex/src/lib.rs" line-rate="0" branch-rate="0" complexity="0"><methods/><lines><line number="56" hits="0"/><line number="57" hits="0"/><line number="59" hits="0"/><line number="60" hits="0"/><line number="61" hits="0"/><line number="62" hits="0"/><line number="66" hits="0"/></lines></class></classes></package><package name="adapter-fleetyards/src" line-rate="0" branch-rate="0" complexity="0"><classes><class name="lib" filename="adapter-fleetyards/src/lib.rs" line-rate="0" branch-rate="0" complexity="0"><methods/><lines><line number="19" hits="0"/><line number="20" hits="0"/><line number="23" hits="0"/><line number="25" hits="0"/><line number="27" hits="0"/><line number="29" hits="0"/><line number="30" hits="0"/><line number="31" hits="0"/><line number="32" hits="0"/><line number="34" hits="0"/><line number="36" hits="0"/><line number="37" hits="0"/><line number="38" hits="0"/><line number="39" hits="0"/><line number="40" hits="0"/><line number="41" hits="0"/><line number="45" hits="0"/></lines></class></classes></package><package name="adapter-llm/target/debug/build/thiserror-0a318b7f8c851ad6/out" line-rate="0" branch-rate="0" complexity="0"><classes></classes></package><package name="adapter-llm/target/debug/build/typenum-86e20b4fbdcf0a63/out" line-rate="0" branch-rate="0" complexity="0"><classes></classes></package><package name="adapter-p2p/target/debug/build/serde-170d25af167437ff/out" line-rate="0" branch-rate="0" complexity="0"><classes></classes></package><package name="adapter-discord/src" line-rate="0" branch-rate="0" complexity="0"><classes><class name="lib" filename="adapter-discord/src/lib.rs" line-rate="0" branch-rate="0" complexity="0"><methods/><lines><line number="68" hits="0"/><line number="69" hits="0"/><line number="70" hits="0"/><line number="71" hits="0"/><line number="72" hits="0"/><line number="73" hits="0"/><line number="76" hits="0"/></lines></class></classes></package><package name="adapter-uex/src/bin" line-rate="0" branch-rate="0" complexity="0"><classes></classes></package><package name="src/game_log" line-rate="0.8421052631578947" branch-rate="0" complexity="0"><classes><class name="mod" filename="src/game_log/mod.rs" line-rate="0.8421052631578947" branch-rate="0" complexity="0"><methods/><lines><line number="13" hits="2"/><line number="16" hits="2"/><line number="18" hits="4"/><line number="19" hits="4"/><line number="20" hits="4"/><line number="21" hits="4"/><line number="24" hits="2"/><line number="25" hits="2"/><line number="26" hits="1"/><line number="27" hits="2"/><line number="28" hits="0"/><line number="29" hits="0"/><line number="33" hits="1"/><line number="34" hits="2"/><line number="37" hits="1"/><line number="38" hits="1"/><line number="39" hits="1"/><line number="40" hits="3"/><line number="41" hits="2"/><line number="43" hits="1"/><line number="44" hits="3"/><line number="45" hits="1"/><line number="46" hits="2"/><line number="47" hits="1"/><line number="48" hits="0"/><line number="51" hits="1"/><line number="52" hits="0"/><line number="54" hits="2"/><line number="58" hits="1"/><line number="63" hits="1"/><line number="64" hits="1"/><line number="65" hits="2"/><line number="66" hits="0"/><line number="68" hits="3"/><line number="70" hits="2"/><line number="71" hits="1"/><line number="75" hits="1"/><line number="78" hits="0"/></lines></class></classes></package><package name="adapter-erkul/target/debug/build/serde_core-eb5b876ea58b9ad6/out" line-rate="0" branch-rate="0" complexity="0"><classes></classes></package><package name="adapter-uex/tests" line-rate="0" branch-rate="0" complexity="0"><classes></classes></package></packages></coverage>