<?xml version="1.0"?><coverage lines-covered="27" lines-valid="117" line-rate="0.23076923076923078" branches-covered="0" branches-valid="0" branch-rate="0" complexity="0" version="1.9" timestamp="1767061716"><sources><source>/mnt/d/Data/Star Citizen/Tools/Manager/services/gateway</source></sources><packages><package name="tests" line-rate="0" branch-rate="0" complexity="0"><classes></classes></package><package name="src" line-rate="0.23076923076923078" branch-rate="0" complexity="0"><classes><class name="handlers" filename="src/handlers.rs" line-rate="0.8571428571428571" branch-rate="0" complexity="0"><methods/><lines><line number="4" hits="4"/><line number="5" hits="2"/><line number="6" hits="1"/><line number="7" hits="3"/><line number="8" hits="1"/><line number="10" hits="1"/><line number="16" hits="4"/><line number="17" hits="1"/><line number="18" hits="1"/><line number="19" hits="1"/><line number="20" hits="2"/><line number="21" hits="0"/><line number="22" hits="0"/><line number="24" hits="2"/></lines></class><class name="key_loader" filename="src/key_loader.rs" line-rate="0.75" branch-rate="0" complexity="0"><methods/><lines><line number="9" hits="1"/><line number="10" hits="1"/><line number="11" hits="0"/><line number="12" hits="0"/><line number="15" hits="2"/><line number="16" hits="2"/><line number="17" hits="2"/><line number="20" hits="1"/><line number="23" hits="1"/><line number="24" hits="1"/><line number="25" hits="1"/><line number="27" hits="0"/></lines></class><class name="lib" filename="src/lib.rs" line-rate="0.8" branch-rate="0" complexity="0"><methods/><lines><line number="11" hits="4"/><line number="12" hits="2"/><line number="18" hits="1"/><line number="19" hits="1"/><line number="22" hits="0"/></lines></class><class name="main" filename="src/main.rs" line-rate="0" branch-rate="0" complexity="0"><methods/><lines><line number="16" hits="0"/><line number="23" hits="0"/><line number="26" hits="0"/><line number="27" hits="0"/><line number="28" hits="0"/><line number="32" hits="0"/><line number="33" hits="0"/><line number="36" hits="0"/><line number="37" hits="0"/><line number="39" hits="0"/><line number="40" hits="0"/><line number="47" hits="0"/><line number="48" hits="0"/><line number="50" hits="0"/><line number="53" hits="0"/><line number="54" hits="0"/><line number="55" hits="0"/><line number="56" hits="0"/><line number="57" hits="0"/><line number="58" hits="0"/><line number="59" hits="0"/><line number="60" hits="0"/><line number="61" hits="0"/><line number="62" hits="0"/><line number="63" hits="0"/><line number="67" hits="0"/><line number="70" hits="0"/><line number="71" hits="0"/><line number="72" hits="0"/><line number="73" hits="0"/><line number="74" hits="0"/><line number="75" hits="0"/><line number="80" hits="0"/><line number="81" hits="0"/><line number="83" hits="0"/><line number="84" hits="0"/><line number="85" hits="0"/><line number="86" hits="0"/><line number="90" hits="0"/><line number="91" hits="0"/><line number="92" hits="0"/><line number="94" hits="0"/><line number="99" hits="0"/><line number="100" hits="0"/><line number="101" hits="0"/><line number="102" hits="0"/><line number="103" hits="0"/><line number="105" hits="0"/><line number="106" hits="0"/><line number="107" hits="0"/><line number="109" hits="0"/><line number="110" hits="0"/><line number="111" hits="0"/><line number="112" hits="0"/><line number="113" hits="0"/><line number="119" hits="0"/><line number="121" hits="0"/><line number="122" hits="0"/><line number="123" hits="0"/><line number="124" hits="0"/><line number="126" hits="0"/><line number="129" hits="0"/><line number="130" hits="0"/><line number="131" hits="0"/><line number="132" hits="0"/><line number="133" hits="0"/><line number="136" hits="0"/><line number="137" hits="0"/><line number="138" hits="0"/><line number="140" hits="0"/><line number="141" hits="0"/></lines></class><class name="nats" filename="src/nats.rs" line-rate="0.13333333333333333" branch-rate="0" complexity="0"><methods/><lines><line number="13" hits="4"/><line number="15" hits="5"/><line number="16" hits="0"/><line number="20" hits="0"/><line number="22" hits="0"/><line number="23" hits="0"/><line number="25" hits="0"/><line number="26" hits="0"/><line number="29" hits="0"/><line number="30" hits="0"/><line number="31" hits="0"/><line number="34" hits="0"/><line number="36" hits="0"/><line number="37" hits="0"/><line number="39" hits="0"/></lines></class></classes></package></packages></coverage>