<?xml version="1.0"?><coverage lines-covered="72" lines-valid="86" line-rate="0.8372093023255814" branches-covered="0" branches-valid="0" branch-rate="0" complexity="0" version="1.9" timestamp="1767047142"><sources><source>/mnt/d/Data/Star Citizen/Tools/Manager/core</source></sources><packages><package name="src/repositories" line-rate="0" branch-rate="0" complexity="0"><classes></classes></package><package name="tests" line-rate="0" branch-rate="0" complexity="0"><classes></classes></package><package name="src/events" line-rate="0" branch-rate="0" complexity="0"><classes></classes></package><package name="src" line-rate="0.8372093023255814" branch-rate="0" complexity="0"><classes></classes></package><package name="src/domain" line-rate="0.8780487804878049" branch-rate="0" complexity="0"><classes><class name="fleet" filename="src/domain/fleet.rs" line-rate="0" branch-rate="0" complexity="0"><methods/><lines><line number="20" hits="0"/><line number="21" hits="0"/><line number="22" hits="0"/><line number="26" hits="0"/><line number="27" hits="0"/><line number="30" hits="0"/><line number="31" hits="0"/></lines></class><class name="member" filename="src/domain/member.rs" line-rate="1" branch-rate="0" complexity="0"><methods/><lines><line number="11" hits="2"/><line number="13" hits="2"/><line number="31" hits="4"/><line number="33" hits="4"/><line number="39" hits="4"/><line number="43" hits="2"/><line number="44" hits="2"/><line number="45" hits="6"/><line number="47" hits="2"/><line number="48" hits="6"/><line number="50" hits="4"/><line number="54" hits="2"/><line number="55" hits="2"/><line number="56" hits="6"/><line number="59" hits="2"/><line number="60" hits="4"/><line number="63" hits="2"/><line number="64" hits="4"/></lines></class><class name="operation" filename="src/domain/operation.rs" line-rate="0.8928571428571429" branch-rate="0" complexity="0"><methods/><lines><line number="31" hits="2"/><line number="33" hits="2"/><line number="34" hits="2"/><line number="35" hits="2"/><line number="37" hits="2"/><line number="43" hits="1"/><line number="45" hits="1"/><line number="46" hits="1"/><line number="49" hits="1"/><line number="50" hits="1"/><line number="53" hits="1"/><line number="54" hits="2"/><line number="55" hits="1"/><line number="56" hits="1"/><line number="60" hits="1"/><line number="61" hits="2"/><line number="62" hits="2"/><line number="63" hits="1"/><line number="66" hits="1"/><line number="67" hits="5"/><line number="68" hits="1"/><line number="72" hits="0"/><line number="73" hits="0"/><line number="74" hits="0"/><line number="78" hits="1"/><line number="79" hits="1"/><line number="80" hits="1"/><line number="81" hits="3"/></lines></class><class name="organization" filename="src/domain/organization.rs" line-rate="1" branch-rate="0" complexity="0"><methods/><lines><line number="10" hits="3"/><line number="12" hits="3"/><line number="13" hits="3"/><line number="17" hits="2"/><line number="18" hits="4"/></lines></class><class name="role" filename="src/domain/role.rs" line-rate="1" branch-rate="0" complexity="0"><methods/><lines><line number="11" hits="3"/><line number="13" hits="3"/><line number="14" hits="3"/><line number="15" hits="3"/><line number="19" hits="2"/><line number="20" hits="2"/><line number="21" hits="8"/><line number="22" hits="4"/><line number="26" hits="2"/><line number="27" hits="6"/><line number="30" hits="2"/><line number="31" hits="2"/></lines></class><class name="session" filename="src/domain/session.rs" line-rate="1" branch-rate="0" complexity="0"><methods/><lines><line number="14" hits="1"/><line number="21" hits="1"/><line number="24" hits="1"/><line number="30" hits="1"/><line number="31" hits="1"/><line number="34" hits="1"/><line number="35" hits="1"/><line number="38" hits="1"/><line number="39" hits="1"/></lines></class><class name="ship" filename="src/domain/ship.rs" line-rate="1" branch-rate="0" complexity="0"><methods/><lines><line number="11" hits="1"/><line number="13" hits="1"/><line number="14" hits="1"/></lines></class></classes></package><package name="src/value_objects" line-rate="0" branch-rate="0" complexity="0"><classes><class name="handle" filename="src/value_objects/handle.rs" line-rate="0" branch-rate="0" complexity="0"><methods/><lines><line number="5" hits="0"/><line number="7" hits="0"/></lines></class><class name="id" filename="src/value_objects/id.rs" line-rate="0" branch-rate="0" complexity="0"><methods/><lines><line number="5" hits="0"/><line number="6" hits="0"/></lines></class></classes></package><package name="benches" line-rate="0" branch-rate="0" complexity="0"><classes></classes></package></packages></coverage>