<?xml version="1.0"?><coverage lines-covered="350" lines-valid="520" line-rate="0.6730769230769231" branches-covered="0" branches-valid="0" branch-rate="0" complexity="0" version="1.9" timestamp="1767055067"><sources><source>/mnt/d/Data/Star Citizen/Tools/Manager/app</source></sources><packages><package name="src/services" line-rate="0.7070707070707071" branch-rate="0" complexity="0"><classes><class name="policy_service" filename="src/services/policy_service.rs" line-rate="0.53125" branch-rate="0" complexity="0"><methods/><lines><line number="11" hits="20"/><line number="19" hits="41"/><line number="20" hits="21"/><line number="21" hits="21"/><line number="23" hits="42"/><line number="25" hits="42"/><line number="26" hits="66"/><line number="28" hits="16"/><line number="29" hits="17"/><line number="30" hits="18"/><line number="31" hits="16"/><line number="32" hits="8"/><line number="34" hits="30"/><line number="35" hits="15"/><line number="40" hits="15"/><line number="44" hits="2"/><line number="52" hits="0"/><line number="54" hits="0"/><line number="55" hits="0"/><line number="56" hits="0"/><line number="57" hits="0"/><line number="62" hits="6"/><line number="70" hits="0"/><line number="72" hits="0"/><line number="73" hits="0"/><line number="74" hits="0"/><line number="75" hits="0"/><line number="88" hits="0"/><line number="90" hits="0"/><line number="91" hits="0"/><line number="92" hits="0"/><line number="93" hits="0"/></lines></class><class name="session_service" filename="src/services/session_service.rs" line-rate="0.7910447761194029" branch-rate="0" complexity="0"><methods/><lines><line number="11" hits="6"/><line number="25" hits="6"/><line number="26" hits="6"/><line number="27" hits="0"/><line number="28" hits="0"/><line number="29" hits="0"/><line number="30" hits="0"/><line number="31" hits="0"/><line number="33" hits="6"/><line number="34" hits="0"/><line number="36" hits="5"/><line number="37" hits="9"/><line number="38" hits="8"/><line number="39" hits="8"/><line number="40" hits="4"/><line number="45" hits="9"/><line number="46" hits="11"/><line number="47" hits="0"/><line number="49" hits="3"/><line number="50" hits="3"/><line number="51" hits="3"/><line number="52" hits="1"/><line number="57" hits="10"/><line number="58" hits="4"/><line number="59" hits="8"/><line number="62" hits="8"/><line number="64" hits="12"/><line number="65" hits="6"/><line number="66" hits="4"/><line number="67" hits="3"/><line number="71" hits="4"/><line number="73" hits="0"/><line number="76" hits="4"/><line number="77" hits="10"/><line number="78" hits="4"/><line number="79" hits="2"/><line number="81" hits="0"/><line number="84" hits="0"/><line number="86" hits="5"/><line number="87" hits="10"/><line number="88" hits="10"/><line number="89" hits="8"/><line number="90" hits="3"/><line number="96" hits="8"/><line number="97" hits="11"/><line number="98" hits="0"/><line number="101" hits="3"/><line number="102" hits="3"/><line number="103" hits="2"/><line number="104" hits="2"/><line number="110" hits="6"/><line number="111" hits="3"/><line number="112" hits="6"/><line number="114" hits="0"/><line number="116" hits="3"/><line number="117" hits="3"/><line number="118" hits="3"/><line number="119" hits="0"/><line number="120" hits="3"/><line number="124" hits="3"/><line number="125" hits="2"/><line number="126" hits="1"/><line number="127" hits="1"/><line number="128" hits="1"/><line number="134" hits="6"/><line number="135" hits="3"/><line number="139" hits="0"/></lines></class></classes></package><package name="tests" line-rate="0" branch-rate="0" complexity="0"><classes></classes></package><package name="src/handlers" line-rate="0.6197183098591549" branch-rate="0" complexity="0"><classes><class name="equipment_handler" filename="src/handlers/equipment_handler.rs" line-rate="0.6153846153846154" branch-rate="0" complexity="0"><methods/><lines><line number="9" hits="2"/><line number="13" hits="2"/><line number="17" hits="2"/><line number="18" hits="2"/><line number="21" hits="1"/><line number="35" hits="0"/><line number="37" hits="0"/><line number="38" hits="0"/><line number="39" hits="0"/><line number="40" hits="0"/><line number="42" hits="1"/><line number="43" hits="1"/><line number="45" hits="2"/></lines></class><class name="event_handler" filename="src/handlers/event_handler.rs" line-rate="0.6875" branch-rate="0" complexity="0"><methods/><lines><line number="9" hits="8"/><line number="13" hits="8"/><line number="17" hits="16"/><line number="19" hits="8"/><line number="21" hits="4"/><line number="23" hits="8"/><line number="26" hits="1"/><line number="38" hits="2"/><line number="40" hits="0"/><line number="42" hits="0"/><line number="43" hits="0"/><line number="44" hits="0"/><line number="45" hits="0"/><line number="47" hits="1"/><line number="48" hits="1"/><line number="50" hits="2"/></lines></class><class name="fleet_handler" filename="src/handlers/fleet_handler.rs" line-rate="0.625" branch-rate="0" complexity="0"><methods/><lines><line number="10" hits="6"/><line number="17" hits="4"/><line number="21" hits="4"/><line number="22" hits="4"/><line number="25" hits="2"/><line number="38" hits="0"/><line number="40" hits="0"/><line number="41" hits="0"/><line number="42" hits="0"/><line number="43" hits="0"/><line number="45" hits="2"/><line number="46" hits="1"/><line number="48" hits="4"/><line number="51" hits="5"/><line number="56" hits="5"/><line number="57" hits="12"/><line number="58" hits="10"/><line number="59" hits="5"/><line number="62" hits="2"/><line number="76" hits="0"/><line number="78" hits="0"/><line number="79" hits="0"/><line number="80" hits="0"/><line number="81" hits="0"/><line number="83" hits="2"/><line number="84" hits="1"/><line number="86" hits="1"/><line number="89" hits="2"/><line number="94" hits="4"/><line number="95" hits="2"/><line number="96" hits="2"/><line number="99" hits="2"/><line number="113" hits="0"/><line number="115" hits="0"/><line number="116" hits="0"/><line number="117" hits="0"/><line number="118" hits="0"/><line number="120" hits="1"/><line number="121" hits="1"/><line number="123" hits="1"/></lines></class><class name="member_handler" filename="src/handlers/member_handler.rs" line-rate="0.6666666666666666" branch-rate="0" complexity="0"><methods/><lines><line number="9" hits="11"/><line number="13" hits="5"/><line number="14" hits="10"/><line number="15" hits="5"/><line number="16" hits="5"/><line number="17" hits="4"/><line number="19" hits="4"/><line number="24" hits="6"/><line number="32" hits="6"/><line number="33" hits="16"/><line number="34" hits="0"/><line number="35" hits="2"/><line number="36" hits="2"/><line number="39" hits="4"/><line number="49" hits="0"/><line number="50" hits="0"/><line number="51" hits="0"/><line number="52" hits="0"/><line number="62" hits="0"/><line number="63" hits="0"/><line number="64" hits="0"/><line number="65" hits="0"/><line number="66" hits="0"/><line number="70" hits="1"/><line number="83" hits="2"/><line number="84" hits="1"/><line number="86" hits="0"/><line number="88" hits="0"/><line number="89" hits="0"/><line number="90" hits="0"/><line number="91" hits="0"/><line number="93" hits="1"/><line number="94" hits="1"/><line number="95" hits="1"/><line number="97" hits="2"/><line number="98" hits="1"/><line number="99" hits="1"/><line number="102" hits="1"/><line number="106" hits="2"/><line number="107" hits="2"/><line number="108" hits="1"/><line number="110" hits="2"/><line number="111" hits="1"/><line number="113" hits="1"/><line number="114" hits="0"/><line number="116" hits="2"/><line number="119" hits="1"/><line number="123" hits="2"/></lines></class><class name="organization_handler" filename="src/handlers/organization_handler.rs" line-rate="0.6428571428571429" branch-rate="0" complexity="0"><methods/><lines><line number="9" hits="5"/><line number="13" hits="3"/><line number="27" hits="0"/><line number="29" hits="0"/><line number="30" hits="0"/><line number="31" hits="0"/><line number="32" hits="0"/><line number="34" hits="2"/><line number="35" hits="2"/><line number="37" hits="2"/><line number="38" hits="2"/><line number="42" hits="3"/><line number="46" hits="3"/><line number="47" hits="2"/></lines></class><class name="role_handler" filename="src/handlers/role_handler.rs" line-rate="1" branch-rate="0" complexity="0"><methods/><lines><line number="10" hits="3"/><line number="17" hits="3"/><line number="21" hits="3"/><line number="22" hits="3"/><line number="25" hits="2"/><line number="29" hits="2"/><line number="30" hits="2"/><line number="33" hits="2"/><line number="38" hits="5"/><line number="39" hits="4"/><line number="40" hits="4"/><line number="41" hits="2"/></lines></class><class name="session_handler" filename="src/handlers/session_handler.rs" line-rate="0.5116279069767442" branch-rate="0" complexity="0"><methods/><lines><line number="9" hits="8"/><line number="13" hits="6"/><line number="20" hits="5"/><line number="21" hits="5"/><line number="25" hits="2"/><line number="40" hits="4"/><line number="42" hits="0"/><line number="43" hits="0"/><line number="44" hits="0"/><line number="45" hits="0"/><line number="46" hits="0"/><line number="48" hits="1"/><line number="49" hits="1"/><line number="51" hits="2"/><line number="54" hits="2"/><line number="55" hits="4"/><line number="56" hits="2"/><line number="57" hits="2"/><line number="74" hits="0"/><line number="75" hits="0"/><line number="77" hits="0"/><line number="78" hits="0"/><line number="79" hits="0"/><line number="80" hits="0"/><line number="81" hits="0"/><line number="83" hits="0"/><line number="84" hits="0"/><line number="86" hits="0"/><line number="89" hits="4"/><line number="94" hits="8"/><line number="95" hits="20"/><line number="96" hits="4"/><line number="97" hits="4"/><line number="99" hits="0"/><line number="103" hits="1"/><line number="117" hits="0"/><line number="118" hits="0"/><line number="119" hits="0"/><line number="120" hits="0"/><line number="121" hits="0"/><line number="123" hits="1"/><line number="124" hits="1"/><line number="126" hits="2"/></lines></class><class name="ship_handler" filename="src/handlers/ship_handler.rs" line-rate="0.48148148148148145" branch-rate="0" complexity="0"><methods/><lines><line number="9" hits="2"/><line number="13" hits="2"/><line number="17" hits="2"/><line number="18" hits="2"/><line number="19" hits="2"/><line number="20" hits="2"/><line number="23" hits="1"/><line number="36" hits="2"/><line number="38" hits="0"/><line number="40" hits="0"/><line number="41" hits="0"/><line number="42" hits="0"/><line number="43" hits="0"/><line number="45" hits="1"/><line number="46" hits="0"/><line number="48" hits="2"/><line number="51" hits="0"/><line number="52" hits="0"/><line number="55" hits="1"/><line number="68" hits="0"/><line number="70" hits="0"/><line number="71" hits="0"/><line number="72" hits="0"/><line number="73" hits="0"/><line number="75" hits="1"/><line number="76" hits="1"/><line number="78" hits="0"/></lines></class></classes></package><package name="src/commands" line-rate="1" branch-rate="0" complexity="0"><classes><class name="add_member" filename="src/commands/add_member.rs" line-rate="1" branch-rate="0" complexity="0"><methods/><lines><line number="8" hits="6"/><line number="10" hits="6"/></lines></class><class name="assign_permission" filename="src/commands/assign_permission.rs" line-rate="1" branch-rate="0" complexity="0"><methods/><lines><line number="7" hits="2"/><line number="9" hits="2"/><line number="10" hits="2"/></lines></class><class name="create_event" filename="src/commands/create_event.rs" line-rate="1" branch-rate="0" complexity="0"><methods/><lines><line number="9" hits="8"/><line number="16" hits="8"/><line number="17" hits="8"/></lines></class><class name="create_fleet" filename="src/commands/create_fleet.rs" line-rate="1" branch-rate="0" complexity="0"><methods/><lines><line number="7" hits="3"/><line number="9" hits="3"/><line number="10" hits="3"/></lines></class><class name="create_organization" filename="src/commands/create_organization.rs" line-rate="1" branch-rate="0" complexity="0"><methods/><lines><line number="7" hits="5"/><line number="9" hits="5"/><line number="10" hits="6"/></lines></class><class name="create_permission" filename="src/commands/create_permission.rs" line-rate="1" branch-rate="0" complexity="0"><methods/><lines><line number="7" hits="2"/><line number="9" hits="2"/><line number="10" hits="2"/></lines></class><class name="create_role" filename="src/commands/create_role.rs" line-rate="1" branch-rate="0" complexity="0"><methods/><lines><line number="7" hits="3"/><line number="9" hits="3"/><line number="10" hits="3"/></lines></class><class name="register_equipment" filename="src/commands/register_equipment.rs" line-rate="1" branch-rate="0" complexity="0"><methods/><lines><line number="8" hits="2"/><line number="10" hits="2"/><line number="11" hits="2"/></lines></class><class name="register_ship" filename="src/commands/register_ship.rs" line-rate="1" branch-rate="0" complexity="0"><methods/><lines><line number="8" hits="2"/><line number="10" hits="2"/><line number="11" hits="2"/></lines></class><class name="remove_member" filename="src/commands/remove_member.rs" line-rate="1" branch-rate="0" complexity="0"><methods/><lines><line number="6" hits="1"/><line number="7" hits="1"/></lines></class><class name="update_member" filename="src/commands/update_member.rs" line-rate="1" branch-rate="0" complexity="0"><methods/><lines><line number="9" hits="1"/><line number="11" hits="1"/></lines></class></classes></package><package name="src" line-rate="0.6730769230769231" branch-rate="0" complexity="0"><classes><class name="in_memory_equipment_repo" filename="src/in_memory_equipment_repo.rs" line-rate="0.7692307692307693" branch-rate="0" complexity="0"><methods/><lines><line number="10" hits="3"/><line number="12" hits="3"/><line number="18" hits="0"/><line number="19" hits="0"/><line number="24" hits="3"/><line number="25" hits="6"/><line number="26" hits="0"/><line number="28" hits="6"/><line number="29" hits="3"/><line number="32" hits="1"/><line number="33" hits="1"/><line number="36" hits="1"/><line number="37" hits="1"/></lines></class><class name="in_memory_event_repo" filename="src/in_memory_event_repo.rs" line-rate="0.8571428571428571" branch-rate="0" complexity="0"><methods/><lines><line number="10" hits="11"/><line number="12" hits="11"/><line number="18" hits="0"/><line number="19" hits="0"/><line number="24" hits="8"/><line number="25" hits="8"/><line number="29" hits="5"/><line number="30" hits="5"/><line number="33" hits="1"/><line number="34" hits="1"/><line number="35" hits="2"/><line number="36" hits="2"/><line number="37" hits="1"/><line number="40" hits="1"/></lines></class><class name="in_memory_fleet_repo" filename="src/in_memory_fleet_repo.rs" line-rate="0.6" branch-rate="0" complexity="0"><methods/><lines><line number="10" hits="7"/><line number="12" hits="7"/><line number="18" hits="0"/><line number="19" hits="0"/><line number="24" hits="5"/><line number="25" hits="10"/><line number="26" hits="0"/><line number="28" hits="10"/><line number="29" hits="5"/><line number="32" hits="4"/><line number="33" hits="4"/><line number="36" hits="4"/><line number="37" hits="8"/><line number="38" hits="0"/><line number="40" hits="8"/><line number="41" hits="4"/><line number="44" hits="0"/><line number="45" hits="0"/><line number="46" hits="0"/><line number="48" hits="0"/></lines></class><class name="in_memory_member_repo" filename="src/in_memory_member_repo.rs" line-rate="0.8148148148148148" branch-rate="0" complexity="0"><methods/><lines><line number="10" hits="36"/><line number="12" hits="36"/><line number="18" hits="0"/><line number="19" hits="0"/><line number="24" hits="26"/><line number="25" hits="54"/><line number="26" hits="0"/><line number="28" hits="52"/><line number="29" hits="24"/><line number="32" hits="21"/><line number="33" hits="21"/><line number="36" hits="21"/><line number="37" hits="44"/><line number="38" hits="0"/><line number="40" hits="46"/><line number="41" hits="23"/><line number="44" hits="1"/><line number="45" hits="2"/><line number="46" hits="0"/><line number="48" hits="1"/><line number="52" hits="1"/><line number="53" hits="1"/><line number="54" hits="2"/><line number="55" hits="2"/><line number="56" hits="1"/><line number="57" hits="1"/><line number="61" hits="1"/></lines></class><class name="in_memory_permission_repo" filename="src/in_memory_permission_repo.rs" line-rate="0.6153846153846154" branch-rate="0" complexity="0"><methods/><lines><line number="10" hits="20"/><line number="12" hits="20"/><line number="18" hits="0"/><line number="19" hits="0"/><line number="24" hits="2"/><line number="25" hits="4"/><line number="26" hits="0"/><line number="28" hits="4"/><line number="29" hits="2"/><line number="32" hits="2"/><line number="33" hits="2"/><line number="36" hits="0"/><line number="37" hits="0"/></lines></class><class name="in_memory_repo" filename="src/in_memory_repo.rs" line-rate="0.45" branch-rate="0" complexity="0"><methods/><lines><line number="10" hits="4"/><line number="12" hits="4"/><line number="18" hits="0"/><line number="19" hits="0"/><line number="24" hits="3"/><line number="25" hits="6"/><line number="26" hits="1"/><line number="28" hits="7"/><line number="29" hits="4"/><line number="32" hits="2"/><line number="33" hits="2"/><line number="36" hits="0"/><line number="37" hits="0"/><line number="38" hits="0"/><line number="40" hits="0"/><line number="41" hits="0"/><line number="44" hits="0"/><line number="45" hits="0"/><line number="46" hits="0"/><line number="48" hits="0"/></lines></class><class name="in_memory_role_repo" filename="src/in_memory_role_repo.rs" line-rate="0.6" branch-rate="0" complexity="0"><methods/><lines><line number="10" hits="28"/><line number="12" hits="28"/><line number="18" hits="0"/><line number="19" hits="0"/><line number="24" hits="25"/><line number="25" hits="50"/><line number="26" hits="0"/><line number="28" hits="50"/><line number="29" hits="24"/><line number="32" hits="23"/><line number="33" hits="23"/><line number="36" hits="2"/><line number="37" hits="4"/><line number="38" hits="0"/><line number="40" hits="4"/><line number="41" hits="2"/><line number="44" hits="0"/><line number="45" hits="0"/><line number="46" hits="0"/><line number="48" hits="0"/></lines></class><class name="in_memory_session_repo" filename="src/in_memory_session_repo.rs" line-rate="0.5833333333333334" branch-rate="0" complexity="0"><methods/><lines><line number="10" hits="9"/><line number="12" hits="9"/><line number="18" hits="0"/><line number="19" hits="0"/><line number="24" hits="6"/><line number="25" hits="12"/><line number="26" hits="0"/><line number="28" hits="13"/><line number="29" hits="6"/><line number="32" hits="2"/><line number="33" hits="2"/><line number="36" hits="4"/><line number="37" hits="8"/><line number="38" hits="0"/><line number="40" hits="8"/><line number="41" hits="4"/><line number="44" hits="4"/><line number="45" hits="4"/><line number="48" hits="0"/><line number="49" hits="0"/><line number="51" hits="0"/><line number="52" hits="0"/><line number="53" hits="0"/><line number="54" hits="0"/></lines></class><class name="in_memory_ship_repo" filename="src/in_memory_ship_repo.rs" line-rate="0.7037037037037037" branch-rate="0" complexity="0"><methods/><lines><line number="10" hits="10"/><line number="12" hits="10"/><line number="18" hits="0"/><line number="19" hits="0"/><line number="24" hits="7"/><line number="25" hits="14"/><line number="26" hits="0"/><line number="28" hits="14"/><line number="29" hits="7"/><line number="32" hits="5"/><line number="33" hits="5"/><line number="36" hits="1"/><line number="37" hits="2"/><line number="38" hits="0"/><line number="40" hits="2"/><line number="41" hits="1"/><line number="44" hits="0"/><line number="45" hits="0"/><line number="46" hits="0"/><line number="48" hits="0"/><line number="52" hits="2"/><line number="53" hits="2"/><line number="54" hits="4"/><line number="55" hits="4"/><line number="56" hits="2"/><line number="57" hits="2"/><line number="61" hits="2"/></lines></class></classes></package></packages></coverage>